[32;1mLogging data to /tmp/experiments/1603352388/progress.txt[0m
[36;1mSaving config:
[0m
{
    "ac_kwargs":	{},
    "act_noise":	0.1,
    "actor_critic":	"MLPActorCritic",
    "batch_size":	100,
    "env_fn":	"<function <lambda> at 0x7ff45af5de18>",
    "epochs":	100,
    "gamma":	0.99,
    "logger":	{
        "<spinup.utils.logx.EpochLogger object at 0x7ff459958550>":	{
            "epoch_dict":	{},
            "exp_name":	null,
            "first_row":	true,
            "log_current_row":	{},
            "log_headers":	[],
            "output_dir":	"/tmp/experiments/1603352388",
            "output_file":	{
                "<_io.TextIOWrapper name='/tmp/experiments/1603352388/progress.txt' mode='w' encoding='UTF-8'>":	{
                    "mode":	"w"
                }
            }
        }
    },
    "logger_kwargs":	{},
    "max_ep_len":	36501,
    "num_test_episodes":	10,
    "pi_lr":	0.0005,
    "polyak":	0.995,
    "q_lr":	0.001,
    "replay_size":	1000000,
    "save_freq":	1,
    "seed":	0,
    "start_steps":	10000,
    "steps_per_epoch":	4000,
    "update_after":	1000,
    "update_every":	50
}
[32;1m
Number of parameters: 	 pi: 80129, 	 q: 80385
[0m
1 [10378.451] [0.48108265]
2 [10403.086] [-0.33329487]
3 [10316.62] [0.82464087]
4 [10366.658] [0.39859322]
5 [10254.361] [-0.39677256]
6 [10610.958] [0.9377358]
7 [12610.501] [0.6650115]
8 [12686.232] [-0.4551866]
9 [12948.775] [-0.882936]
10 [12677.9795] [-0.01221612]
11 [12828.741] [0.4706899]
12 [10450.42] [0.27695805]
13 [10478.699] [-0.13526791]
14 [10383.945] [-0.15246247]
15 [10329.411] [0.6168743]
16 [10296.214] [0.77717346]
17 [10402.925] [0.42024902]
18 [10173.489] [-0.2867973]
19 [10133.31] [0.39052707]
20 [10235.72] [0.33918568]
21 [10111.486] [0.48111928]
22 [10189.247] [0.00262369]
23 [10001.057] [-0.7108855]
24 [10211.856] [0.21274056]
25 [9938.914] [0.6046218]
26 [10094.003] [0.55308384]
27 [10145.328] [0.44187894]
28 [10151.83] [-0.24299379]
29 [10073.45] [0.12336447]
30 [10130.578] [0.42067128]
DescribeResult(nobs=720, minmax=(-1.990989327430725, 1.9983876943588257), mean=-0.044787697140580146, variance=1.2489694654961658, skewness=0.08003361089107468, kurtosis=-1.1276130646984857)
DescribeResult(nobs=720, minmax=(9912.833984375, 13626.919921875), mean=10664.916453721788, variance=912676.292599889, skewness=1.6860472140868992, kurtosis=1.0194838725256794)
----------------------------------------------
1 [10297.305] [0.73918736]
2 [11111.199] [0.6306263]
3 [11222.918] [0.73976713]
4 [11212.817] [-0.12545149]
5 [10217.703] [0.5216372]
6 [10564.674] [0.837206]
7 [10507.211] [-0.4903416]
8 [10584.735] [0.11869478]
9 [10770.593] [-0.8569122]
10 [10846.47] [0.11682941]
11 [10707.467] [0.0401174]
12 [10404.275] [0.45831582]
13 [9934.081] [0.04523155]
14 [9960.365] [-0.63455594]
15 [10060.983] [0.87589353]
16 [10241.821] [0.885582]
17 [10078.487] [-0.24025612]
18 [10081.051] [0.34297737]
19 [10143.912] [-0.56131816]
20 [10239.252] [0.5565536]
21 [10399.852] [-0.02288973]
22 [10345.377] [-0.10647494]
23 [11013.507] [0.7929272]
24 [11023.975] [-0.35841635]
25 [11078.106] [0.16204017]
26 [11000.56] [0.21219139]
27 [10896.302] [0.59024584]
28 [11007.672] [-0.31036338]
29 [10889.495] [-0.01934058]
30 [10912.02] [0.4828693]
DescribeResult(nobs=720, minmax=(-1.9997860193252563, 1.9987313747406006), mean=0.035225526812104765, variance=1.314948194257943, skewness=0.010455099799256752, kurtosis=-1.2040316995184979)
DescribeResult(nobs=720, minmax=(9870.146484375, 11360.51171875), mean=10573.643785264758, variance=167551.01494842162, skewness=0.042711285336523075, kurtosis=-1.3806858667428694)
----------------------------------------------
1 [8497.715] [0.8261825]
2 [8261.364] [-0.6132774]
3 [8106.2856] [-0.90074885]
4 [7578.2593] [-0.47019154]
5 [7500.9614] [0.16015874]
6 [7380.81] [-0.05351414]
7 [7429.241] [0.03643999]
8 [7406.5566] [-0.29982433]
9 [7444.237] [-0.44589773]
10 [7455.0156] [0.37772772]
11 [7672.946] [-0.46667734]
12 [7582.5073] [0.5091786]
13 [7343.67] [0.10183986]
14 [7250.0967] [0.5326127]
15 [7340.754] [0.83600634]
16 [7320.581] [0.6274128]
17 [7108.2896] [-0.7312656]
18 [7068.845] [0.8115006]
19 [7098.146] [0.8576472]
20 [6846.749] [-0.37911588]
21 [6850.0283] [0.80157197]
22 [6805.8853] [0.62705374]
23 [6908.145] [-0.11909024]
24 [6960.7134] [-0.6078902]
25 [7059.0234] [-0.20296292]
26 [7016.1587] [-0.7723582]
27 [7110.6978] [0.43180895]
28 [7198.757] [0.03882664]
29 [7204.9043] [0.24749455]
30 [7130.3516] [0.34417033]
DescribeResult(nobs=720, minmax=(-1.9975260496139526, 1.9936238527297974), mean=-0.06964834574464476, variance=1.3214804103943818, skewness=0.06593058127037665, kurtosis=-1.1560661209102308)
DescribeResult(nobs=720, minmax=(6711.86328125, 10166.0478515625), mean=7394.70434366862, variance=335456.11625072587, skewness=2.687000335956045, kurtosis=9.023074079146985)
----------------------------------------------
1 [10066.142] [-0.4141204]
2 [10082.565] [-0.3495857]
3 [10086.297] [-0.24936533]
4 [10066.833] [0.7887347]
5 [9606.782] [0.07539178]
6 [9428.968] [-0.8202867]
7 [9452.404] [-0.9055979]
8 [9496.1] [-0.7862428]
9 [9428.556] [-0.06809961]
10 [9401.712] [0.65182453]
11 [9523.512] [0.21506946]
12 [9563.555] [-0.61609375]
13 [9473.75] [-0.39793414]
14 [9385.717] [-0.7524581]
15 [9379.304] [-0.27123588]
16 [9328.721] [0.03124906]
17 [9176.528] [-0.7979406]
18 [9121.282] [0.1928111]
19 [9159.553] [-0.6434481]
20 [9358.342] [-0.84592193]
21 [9353.57] [-0.37232417]
22 [9325.745] [0.5198145]
23 [9234.815] [0.78922576]
24 [9169.382] [-0.17474163]
25 [9250.706] [-0.19641763]
26 [9474.089] [-0.79077595]
27 [9442.061] [0.49732438]
28 [9584.615] [-0.77643085]
29 [9550.779] [0.22562882]
30 [9499.537] [0.5039524]
DescribeResult(nobs=720, minmax=(-1.999534010887146, 1.991323471069336), mean=-0.05488720583832926, variance=1.351452153903321, skewness=0.07115507535378576, kurtosis=-1.2100148240825366)
DescribeResult(nobs=720, minmax=(9078.865234375, 10118.6484375), mean=9488.767635091146, variance=75843.7896387256, skewness=1.1078516780619718, kurtosis=0.28586529694152674)
----------------------------------------------
1 [10169.972] [-0.61297107]
2 [10112.946] [-0.96439457]
3 [10113.037] [0.9107329]
4 [10145.804] [-0.4205083]
5 [10218.43] [-0.07746421]
6 [10145.984] [-0.81830376]
7 [10190.209] [0.35939622]
8 [10230.632] [0.91531837]
9 [10300.558] [0.35291404]
10 [10757.252] [0.43159977]
11 [10752.862] [-0.49351463]
12 [10776.062] [0.97900766]
13 [10779.324] [0.5226329]
14 [10526.55] [-0.01086793]
15 [10536.281] [-0.68696153]
16 [10681.501] [0.992069]
17 [10635.481] [-0.3817128]
18 [10479.625] [0.4096075]
19 [10392.396] [-0.509157]
20 [10416.398] [0.07510152]
21 [10623.68] [0.98257905]
22 [10465.141] [-0.7867309]
23 [10418.624] [0.07348786]
24 [10479.573] [0.639338]
25 [10530.453] [0.2370502]
26 [10464.003] [-0.33538458]
27 [10417.52] [-0.4710527]
28 [10352.942] [-0.7287883]
29 [10547.4375] [0.7914452]
30 [12165.235] [-0.47342297]
DescribeResult(nobs=720, minmax=(-1.9898732900619507, 1.9960243701934814), mean=0.006834672967023734, variance=1.331776728993961, skewness=0.03866265026134002, kurtosis=-1.2055464244827412)
DescribeResult(nobs=720, minmax=(9975.564453125, 12168.7919921875), mean=10451.620343695746, variance=73874.63085673319, skewness=1.7392344882800834, kurtosis=8.984812694911252)
----------------------------------------------
1 [10354.777] [0.47837076]
2 [10434.601] [-0.04484889]
3 [10327.649] [0.5126336]
4 [9384.666] [0.673556]
5 [9425.181] [-0.52945316]
6 [9797.856] [-0.06314324]
7 [9466.927] [0.8339714]
8 [9322.5] [0.5204032]
9 [9383.797] [-0.13467517]
10 [9414.939] [-0.07840317]
11 [9353.413] [-0.4472764]
12 [9312.647] [-0.00881512]
13 [8091.0425] [-0.76497155]
14 [8125.713] [0.7684313]
15 [7745.983] [-0.29238817]
16 [7093.226] [0.4826408]
1 [10069.658] [-1.]
2 [10311.736] [-1.]
3 [10931.79] [-1.]
4 [12099.615] [-1.]
5 [12434.542] [-1.]
6 [11979.686] [-1.]
7 [11362.912] [-1.]
8 [10067.231] [-1.]
9 [7471.1694] [-1.]
10 [7017.1255] [-1.]
11 [6741.4307] [-1.]
12 [6469.6997] [-1.]
13 [6219.004] [-1.]
14 [6658.7124] [-1.]
15 [6988.0435] [-1.]
16 [7203.219] [-1.]
17 [8158.577] [-1.]
18 [8789.565] [-1.]
19 [7128.7603] [-1.]
20 [6662.646] [-1.]
21 [7015.041] [-1.]
22 [7557.395] [-1.]
23 [7538.8506] [-1.]
24 [4837.882] [-1.]
25 [2898.2278] [-1.]
26 [3842.1199] [-1.]
27 [4960.072] [-1.]
28 [5118.406] [-1.]
29 [4870.5107] [-1.]
30 [5198.957] [-1.]
DescribeResult(nobs=720, minmax=(-2.0, -2.0), mean=-2.0, variance=0.0, skewness=0.0, kurtosis=-3.0)
DescribeResult(nobs=720, minmax=(2865.58984375, 12434.5419921875), mean=7751.348437839084, variance=6169572.118207776, skewness=0.2750931996970741, kurtosis=-0.7899679366244179)
----------------------------------------------
1 [9913.193] [-1.]
2 [9645.358] [-1.]
3 [10005.279] [-1.]
4 [10396.009] [-1.]
5 [9981.244] [-1.]
6 [9872.439] [-1.]
7 [10209.471] [-1.]
8 [10702.638] [-1.]
9 [10961.01] [-1.]
10 [11384.144] [-1.]
11 [11547.787] [-1.]
12 [11471.144] [-1.]
13 [10629.545] [-1.]
14 [10031.522] [-1.]
15 [10385.892] [-1.]
16 [11084.366] [-1.]
17 [11517.633] [-1.]
18 [11569.781] [-1.]
19 [11357.475] [-1.]
20 [11587.357] [-1.]
21 [11530.342] [-1.]
22 [11616.006] [-1.]
23 [11586.622] [-1.]
24 [11454.6045] [-1.]
25 [11017.461] [-1.]
26 [10543.614] [-1.]
27 [10157.756] [-1.]
28 [10240.637] [-1.]
29 [10380.884] [-1.]
30 [10714.515] [-1.]
DescribeResult(nobs=720, minmax=(-2.0, -2.0), mean=-2.0, variance=0.0, skewness=0.0, kurtosis=-3.0)
DescribeResult(nobs=720, minmax=(9618.8818359375, 11616.6201171875), mean=10760.2954820421, variance=418105.7316621403, skewness=-0.06079238968355526, kurtosis=-1.522030534805261)
----------------------------------------------
1 [10074.949] [-1.]
2 [10774.986] [-1.]
3 [13445.714] [-1.]
4 [14253.626] [-1.]
5 [15183.878] [-1.]
6 [16166.693] [-1.]
7 [17007.723] [-1.]
8 [17293.277] [-1.]
9 [17437.643] [-1.]
10 [17350.527] [-1.]
11 [17455.1] [-1.]
12 [19700.957] [-1.]
13 [21962.365] [-1.]
14 [22019.207] [-1.]
15 [23583.479] [-1.]
16 [23814.023] [-1.]
17 [24052.164] [-1.]
18 [23846.318] [-1.]
19 [25165.854] [-1.]
20 [26445.652] [-1.]
21 [26642.08] [-1.]
22 [25639.84] [-1.]
23 [27317.24] [-1.]
24 [28058.77] [-1.]
25 [27409.81] [-1.]
26 [25115.662] [-1.]
27 [23179.979] [-1.]
28 [21845.857] [-1.]
29 [21722.668] [-1.]
30 [22894.91] [-1.]
DescribeResult(nobs=720, minmax=(-2.0, -2.0), mean=-2.0, variance=0.0, skewness=0.0, kurtosis=-3.0)
DescribeResult(nobs=720, minmax=(9170.1650390625, 28058.76953125), mean=20654.126776801215, variance=27105836.388114795, skewness=-0.4902287318775096, kurtosis=-0.8238133552872693)
----------------------------------------------
1 [10405.293] [-1.]
2 [11263.276] [-1.]
3 [11500.13] [-1.]
4 [11208.533] [-1.]
5 [11000.041] [-1.]
6 [10974.046] [-1.]
7 [10957.435] [-1.]
8 [11243.202] [-1.]
9 [11362.766] [-1.]
10 [11304.438] [-1.]
11 [11355.376] [-1.]
12 [11350.3] [-1.]
13 [10990.911] [-1.]
14 [10753.428] [-1.]
15 [11132.186] [-1.]
16 [10911.914] [-1.]
17 [10699.677] [-1.]
18 [10689.741] [-1.]
19 [10347.233] [-1.]
20 [8940.27] [-1.]
21 [8730.917] [-1.]
22 [8726.4] [-1.]
23 [8525.849] [-1.]
24 [8367.239] [-1.]
25 [8315.596] [-1.]
26 [8892.454] [-1.]
27 [9071.404] [-1.]
28 [8165.236] [-1.]
29 [8552.477] [-1.]
30 [9132.293] [-1.]
DescribeResult(nobs=720, minmax=(-2.0, -2.0), mean=-2.0, variance=0.0, skewness=0.0, kurtosis=-3.0)
DescribeResult(nobs=720, minmax=(8134.44970703125, 11529.2314453125), mean=10149.57874077691, variance=1344968.6633135993, skewness=-0.48104927226349986, kurtosis=-1.4884717837433954)
----------------------------------------------
1 [9557.461] [-1.]
2 [8483.142] [-1.]
3 [8646.15] [-1.]
4 [8873.249] [-1.]
5 [8722.962] [-1.]
6 [7969.067] [-1.]
7 [6801.6104] [-1.]
8 [5813.896] [-1.]
9 [5455.924] [-1.]
10 [5544.927] [-1.]
11 [5611.642] [-1.]
12 [5701.736] [-1.]
13 [5574.107] [-1.]
14 [6296.3354] [-1.]
15 [6720.4727] [-1.]
16 [6857.025] [-1.]
17 [6699.2344] [-1.]
18 [6939.943] [-1.]
19 [6693.4463] [-1.]
20 [6538.7466] [-1.]
21 [6266.323] [-1.]
22 [5464.317] [-1.]
23 [4648.3066] [-1.]
24 [4493.837] [-1.]
25 [4552.245] [-1.]
26 [5280.467] [-1.]
27 [3924.1912] [-1.]
28 [3233.2546] [-1.]
29 [2150.2383] [-1.]
30 [1474.2924] [-1.]
DescribeResult(nobs=720, minmax=(-2.0, -2.0), mean=-2.0, variance=0.0, skewness=0.0, kurtosis=-3.0)
DescribeResult(nobs=720, minmax=(1463.456298828125, 9997.6435546875), mean=6189.399741278754, variance=3395500.433489845, skewness=-0.17254875159258207, kurtosis=0.037114310382798)
----------------------------------------------
1 [10093.149] [-1.]
2 [10143.624] [-1.]
3 [10768.414] [-1.]
4 [11055.587] [-1.]
5 [11180.274] [-1.]
6 [10903.944] [-1.]
7 [10075.8125] [-1.]
8 [9873.169] [-1.]
9 [9671.014] [-1.]
10 [8377.248] [-1.]
11 [8071.2393] [-1.]
12 [7906.7236] [-1.]
13 [7887.7964] [-1.]
14 [7993.0103] [-1.]
15 [8190.248] [-1.]
16 [7567.6577] [-1.]
17 [7448.4624] [-1.]
18 [7648.165] [-1.]
19 [7922.9893] [-1.]
20 [8146.799] [-1.]
21 [7751.03] [-1.]
22 [7633.8] [-1.]
23 [7072.149] [-1.]
24 [7042.3687] [-1.]
25 [6499.8037] [-1.]
26 [6643.8623] [-1.]
27 [7035.947] [-1.]
28 [7849.8774] [-1.]
29 [8438.027] [-1.]
30 [8971.483] [-1.]
DescribeResult(nobs=720, minmax=(-2.0, -2.0), mean=-2.0, variance=0.0, skewness=0.0, kurtosis=-3.0)
DescribeResult(nobs=720, minmax=(6348.85205078125, 11213.646484375), mean=8563.308336724176, variance=1858101.3423966789, skewness=0.5364940652341046, kurtosis=-0.9638759716399403)
----------------------------------------------
1 [9227.503] [-1.]
2 [8856.554] [-1.]
3 [8464.316] [-1.]
4 [8473.527] [-1.]
5 [8613.166] [-1.]
6 [9180.941] [-1.]
7 [9160.523] [-1.]
8 [9463.931] [-1.]
9 [9889.65] [-1.]
10 [10300.415] [-1.]
11 [10519.473] [-1.]
12 [10790.873] [-1.]
13 [10630.911] [-1.]
14 [10576.791] [-1.]
15 [10784.151] [-1.]
16 [10744.089] [-1.]
17 [10532.176] [-1.]
18 [10526.1455] [-1.]
19 [10335.608] [-1.]
20 [9850.426] [-1.]
21 [9828.182] [-1.]
22 [9496.577] [-1.]
23 [9110.59] [-1.]
24 [9348.349] [-1.]
25 [9091.588] [-1.]
26 [8229.993] [-1.]
27 [8778.672] [-1.]
28 [8707.964] [-1.]
29 [7948.633] [-1.]
30 [8537.662] [-1.]
DescribeResult(nobs=720, minmax=(-2.0, -2.0), mean=-2.0, variance=0.0, skewness=0.0, kurtosis=-3.0)
DescribeResult(nobs=720, minmax=(7891.99658203125, 10801.1513671875), mean=9570.830941433376, variance=703152.1169936535, skewness=-0.006383312219959019, kurtosis=-1.399972733247339)
----------------------------------------------
1 [10310.434] [-1.]
2 [10401.306] [-1.]
3 [10591.854] [-1.]
4 [10856.652] [-1.]
5 [10741.836] [-1.]
6 [11101.773] [-1.]
7 [11283.099] [-1.]
8 [11397.26] [-1.]
9 [11414.341] [-1.]
10 [11488.615] [-1.]
11 [11268.16] [-1.]
12 [11102.722] [-1.]
13 [10581.319] [-1.]
14 [9170.416] [-1.]
15 [9439.046] [-1.]
16 [9573.611] [-1.]
17 [9588.045] [-1.]
18 [9577.162] [-1.]
19 [9728.] [-1.]
20 [9439.554] [-1.]
21 [9075.239] [-1.]
22 [9623.828] [-1.]
23 [10208.352] [-1.]
24 [9730.671] [-1.]
25 [9302.809] [-1.]
26 [9143.176] [-1.]
27 [9521.073] [-1.]
28 [10488.434] [-1.]
29 [10826.165] [-1.]
30 [11047.792] [-1.]
DescribeResult(nobs=720, minmax=(-2.0, -2.0), mean=-2.0, variance=0.0, skewness=0.0, kurtosis=-3.0)
DescribeResult(nobs=720, minmax=(9039.2939453125, 11488.615234375), mean=10254.168041992187, variance=582089.4615245521, skewness=0.08847481872949796, kurtosis=-1.4513751457073962)
----------------------------------------------
1 [10292.983] [-1.]
2 [10446.527] [-1.]
3 [10703.031] [-1.]
4 [8508.819] [-1.]
5 [6325.537] [-1.]
6 [4642.422] [-1.]
7 [3888.4692] [-1.]
8 [3953.0837] [-1.]
9 [3724.0056] [-1.]
10 [3777.394] [-1.]
11 [3102.796] [-1.]
12 [2898.0417] [-1.]
13 [2116.9038] [-1.]
14 [1017.2358] [-1.]
15 [729.45984] [-0.9999993]
16 [1076.8959] [-1.]
17 [1525.0778] [-1.]
18 [2563.1536] [-1.]
19 [3377.2903] [-1.]
DescribeResult(nobs=473, minmax=(-2.0, -1.9999967813491821), mean=-1.9999999770654433, variance=3.316345617474348e-14, skewness=13.280915133400587, kurtosis=209.84515528684764)
DescribeResult(nobs=473, minmax=(-247.837646484375, 10724.86328125), mean=4573.373041326349, variance=10749887.878808608, skewness=0.7955647021355187, kurtosis=-0.7584625462701906)
----------------------------------------------
1 [9811.894] [-1.]
2 [9729.879] [-1.]
3 [9439.177] [-1.]
4 [9293.337] [-1.]
5 [9607.451] [-1.]
6 [9613.518] [-1.]
7 [9391.615] [-1.]
8 [9486.633] [-1.]
9 [9299.249] [-1.]
10 [9169.897] [-1.]
11 [8301.035] [-1.]
12 [7408.7417] [-1.]
13 [5785.3755] [-1.]
14 [5813.046] [-1.]
15 [6309.6724] [-1.]
16 [6180.622] [-1.]
17 [6460.6167] [-1.]
18 [6907.8467] [-1.]
19 [6639.701] [-1.]
20 [6741.197] [-1.]
21 [6770.583] [-1.]
22 [6995.483] [-1.]
23 [6568.8735] [-1.]
24 [5632.764] [-1.]
25 [5436.7383] [-1.]
26 [5370.93] [-1.]
27 [1830.999] [-1.]
28 [1388.4644] [-1.]
29 [326.91553] [-1.]
30 [489.86633] [-1.]
DescribeResult(nobs=720, minmax=(-2.0, -0.587567925453186), mean=-1.9980243417951795, variance=0.002770773406107616, skewness=26.776238023533033, kurtosis=714.9784000192268)
DescribeResult(nobs=720, minmax=(289.3235168457031, 10015.587890625), mean=6958.3118830362955, variance=6701534.465326224, skewness=-1.0144416938868952, kurtosis=0.5503325215630324)
----------------------------------------------
---------------------------------------
|             Epoch |               1 |
|      AverageEpRet |           -29.8 |
|          StdEpRet |        1.67e+03 |
|          MaxEpRet |        2.16e+03 |
|          MinEpRet |       -2.85e+03 |
|  AverageTestEpRet |        -1.7e+03 |
|      StdTestEpRet |        6.48e+03 |
|      MaxTestEpRet |        1.35e+04 |
|      MinTestEpRet |       -9.85e+03 |
|             EpLen |             720 |
|         TestEpLen |             695 |
| TotalEnvInteracts |           4e+03 |
|      AverageQVals |            -107 |
|          StdQVals |            96.5 |
|          MaxQVals |             699 |
|          MinQVals |        -3.8e+03 |
|            LossPi |             108 |
|             LossQ |        6.57e+03 |
|              Time |             346 |
---------------------------------------
17 [6441.529] [0.8250073]
18 [6578.093] [-0.61166316]
19 [6778.202] [-0.8310685]
20 [6867.91] [-0.7074807]
21 [6997.88] [-0.6179306]
22 [7070.469] [-0.1457493]
23 [7007.237] [-0.71190584]
24 [7065.339] [0.32183325]
25 [7210.123] [-0.76980597]
26 [7211.277] [0.3160906]
27 [7124.332] [-0.9481121]
28 [7159.886] [0.5930264]
29 [7233.7173] [0.12041889]
30 [7683.9355] [0.39888048]
DescribeResult(nobs=720, minmax=(-1.9959580898284912, 1.9948924779891968), mean=-0.001376151873329137, variance=1.2865067613973218, skewness=-0.005956571116133046, kurtosis=-1.2115606269093206)
DescribeResult(nobs=720, minmax=(6404.048828125, 10461.7548828125), mean=8230.01266547309, variance=1744904.7049355682, skewness=0.27952213438584084, kurtosis=-1.5515370295201798)
----------------------------------------------
1 [10303.07] [-0.9400196]
2 [10255.5205] [0.89365584]
3 [10588.34] [-0.35530576]
4 [10529.846] [0.7731116]
5 [10291.227] [-0.00089249]
6 [10526.755] [0.13764222]
7 [10362.118] [-0.79796565]
8 [9992.495] [-0.9560864]
9 [9777.226] [-0.45291826]
10 [9742.438] [-0.43376333]
11 [9733.092] [-0.743724]
12 [9624.63] [-0.056573]
13 [9658.623] [-0.6736555]
14 [9650.75] [0.37140632]
15 [9580.953] [-0.49542925]
16 [9580.457] [-0.66991895]
17 [10643.369] [-0.49374712]
18 [10869.002] [0.04746708]
19 [10970.66] [-0.7140398]
20 [11066.916] [0.9915385]
21 [10944.656] [-0.79108423]
22 [10781.44] [0.59817076]
23 [10759.867] [0.32251382]
24 [10619.338] [-0.58763]
25 [11055.089] [-0.8579611]
26 [8949.951] [0.753381]
27 [7287.667] [0.39892]
28 [6869.799] [0.25204277]
29 [6536.9937] [-0.4134382]
30 [6125.5957] [0.27543417]
DescribeResult(nobs=720, minmax=(-1.996759295463562, 1.9989614486694336), mean=0.005201710173504479, variance=1.3972689267580405, skewness=0.013266955906784395, kurtosis=-1.2522923558608594)
DescribeResult(nobs=720, minmax=(6125.595703125, 11564.5224609375), mean=9843.793472629124, variance=1523140.6084541061, skewness=-1.6985431506466795, kurtosis=2.1168535447957577)
----------------------------------------------
1 [10074.013] [-0.68119526]
2 [9956.599] [0.8752892]
3 [9510.131] [0.08781249]
4 [9569.267] [-0.13858062]
5 [9556.892] [0.99618846]
6 [9489.632] [-0.07833377]
7 [9488.051] [0.15381436]
8 [9577.834] [-0.4977677]
9 [9668.829] [0.04618514]
10 [9665.072] [-0.48758554]
11 [9635.615] [0.04081535]
12 [9693.769] [-0.6129785]
13 [9717.22] [-0.6445068]
14 [9547.156] [-0.0378276]
15 [9560.673] [0.2202495]
16 [9579.971] [-0.8739286]
17 [9570.012] [0.16405134]
18 [9561.198] [0.7133308]
19 [9475.379] [0.00228067]
20 [9526.236] [-0.36389416]
21 [9548.179] [-0.17476845]
22 [9669.958] [0.43744746]
23 [9653.202] [-0.63323456]
24 [9697.711] [-0.13086791]
25 [9797.221] [-0.06018394]
26 [9829.401] [0.5461594]
27 [9786.205] [0.6818066]
28 [9846.615] [-0.8971394]
29 [9828.426] [-0.65170664]
30 [10498.9795] [0.72181356]
DescribeResult(nobs=720, minmax=(-1.9959582090377808, 1.9956557750701904), mean=-0.08177860834273613, variance=1.333865068410895, skewness=0.11101718442505559, kurtosis=-1.1772891149593028)
DescribeResult(nobs=720, minmax=(9466.4853515625, 10498.9794921875), mean=9679.264872233072, variance=29718.50491035258, skewness=1.582506503383105, kurtosis=3.6316887568107106)
----------------------------------------------
1 [10057.825] [-0.92938966]
2 [10178.17] [-0.02113876]
3 [10086.381] [0.5131216]
4 [10007.245] [-0.53774905]
5 [9957.567] [-0.606165]
6 [10018.215] [-0.0787804]
7 [10013.897] [0.6374593]
8 [9968.533] [0.35582674]
9 [10009.119] [0.8254503]
10 [10039.351] [0.29434657]
11 [10027.401] [0.36718896]
12 [9581.499] [-0.5190624]
13 [9620.766] [0.59987694]
14 [9572.258] [0.09063171]
15 [9428.912] [-0.14706394]
16 [9438.045] [0.51816255]
17 [9427.631] [0.08661314]
18 [9360.494] [-0.9438127]
19 [9360.891] [-0.4142599]
20 [9469.233] [0.95174307]
21 [9519.428] [0.12040856]
22 [9513.347] [0.93672746]
23 [9618.404] [-0.11064554]
24 [9712.712] [-0.7149862]
25 [9614.012] [-0.16165827]
26 [9617.316] [-0.3082031]
27 [9641.35] [0.5346209]
28 [9684.011] [-0.24344026]
29 [9695.338] [0.9691295]
30 [9858.436] [0.4382945]
DescribeResult(nobs=720, minmax=(-1.9950320720672607, 1.9788994789123535), mean=0.035960103388869256, variance=1.3714019133123905, skewness=-0.05726301725462616, kurtosis=-1.2362592482658907)
DescribeResult(nobs=720, minmax=(9252.3359375, 10206.2080078125), mean=9734.653611924914, variance=65037.15331085109, skewness=0.10586167787426483, kurtosis=-1.4820521784389302)
----------------------------------------------
1 [10012.538] [0.6149493]
2 [10476.8955] [0.68123406]
3 [11980.957] [0.07137872]
4 [11183.185] [-0.22781871]
5 [11924.7295] [0.51063836]
6 [12110.744] [-0.89157826]
7 [12027.36] [-0.8962026]
8 [11899.74] [0.50788707]
9 [11748.512] [-0.84197193]
10 [12147.407] [0.9326645]
11 [13043.403] [0.558401]
12 [13125.973] [-0.32126808]
13 [13177.43] [-0.13869976]
14 [13147.3125] [0.36119556]
15 [12872.577] [0.9746816]
