[32;1mLogging data to /tmp/experiments/1603351505/progress.txt[0m
[36;1mSaving config:
[0m
{
    "ac_kwargs":	{},
    "actor_critic":	"MLPActorCritic",
    "alpha":	0.2,
    "batch_size":	100,
    "env_fn":	"<function <lambda> at 0x7f1cc7f51e18>",
    "epochs":	100,
    "gamma":	0.99,
    "logger":	{
        "<spinup.utils.logx.EpochLogger object at 0x7f1cc694c550>":	{
            "epoch_dict":	{},
            "exp_name":	null,
            "first_row":	true,
            "log_current_row":	{},
            "log_headers":	[],
            "output_dir":	"/tmp/experiments/1603351505",
            "output_file":	{
                "<_io.TextIOWrapper name='/tmp/experiments/1603351505/progress.txt' mode='w' encoding='UTF-8'>":	{
                    "mode":	"w"
                }
            }
        }
    },
    "logger_kwargs":	{},
    "lr":	0.0005,
    "max_ep_len":	36501,
    "num_test_episodes":	10,
    "polyak":	0.995,
    "replay_size":	1000000,
    "save_freq":	1,
    "seed":	0,
    "start_steps":	10000,
    "steps_per_epoch":	4000,
    "update_after":	1000,
    "update_every":	50
}
[32;1m
Number of parameters: 	 pi: 80386, 	 q1: 80385, 	 q2: 80385
[0m
1 [10196.964] [0.746243]
2 [9952.069] [0.74156195]
3 [9907.347] [0.23507501]
4 [9776.081] [0.15796158]
5 [10052.223] [0.17227615]
6 [10200.775] [-0.5521364]
7 [10358.381] [-0.21390596]
8 [9893.271] [-0.89171976]
9 [9937.659] [-0.8124864]
10 [9936.729] [-0.34000063]
11 [10397.043] [0.43233415]
12 [10314.795] [0.03377961]
13 [10298.799] [0.18356837]
14 [10284.799] [0.7666652]
15 [10251.251] [-0.33376795]
16 [10219.42] [-0.81061614]
17 [10304.501] [-0.48125187]
18 [10332.6] [-0.46317366]
19 [10417.834] [-0.28909978]
20 [9907.506] [-0.19690576]
21 [9949.483] [0.9217042]
22 [10076.104] [-0.08395471]
23 [9675.537] [0.5519706]
24 [9665.559] [-0.8137066]
25 [9792.631] [-0.21743338]
26 [9781.207] [0.16847868]
27 [9722.157] [0.19244917]
28 [9919.547] [-0.63763213]
29 [9762.887] [0.26665068]
30 [9883.464] [-0.20222056]
DescribeResult(nobs=720, minmax=(-1.9895045757293701, 1.9960198402404785), mean=0.0006013191240425739, variance=1.3249504119467357, skewness=-0.0005302875040641875, kurtosis=-1.218371240120632)
DescribeResult(nobs=720, minmax=(9586.1796875, 10439.8671875), mean=10029.214181857638, variance=52887.87552694451, skewness=0.10221018271089562, kurtosis=-1.3057762449019095)
----------------------------------------------
1 [9901.518] [0.34166428]
2 [9928.237] [0.32813182]
3 [9985.596] [-0.91548395]
4 [10021.43] [0.6996781]
5 [9947.286] [-0.14920376]
6 [9923.062] [0.3566464]
7 [10135.022] [-0.53277624]
8 [10090.976] [0.36816075]
9 [10605.921] [0.7329095]
10 [10206.231] [0.033669]
11 [9960.186] [-0.0654166]
12 [9968.571] [0.00309096]
13 [10230.592] [-0.14090014]
14 [9843.882] [0.7837269]
15 [9943.849] [0.7307841]
16 [9678.5625] [0.27084178]
17 [9321.404] [-0.12738228]
18 [9243.916] [0.25785026]
19 [9202.853] [0.08661816]
20 [9295.332] [0.13057302]
21 [9208.715] [-0.5203224]
22 [9238.083] [0.80310565]
23 [8822.714] [-0.19543222]
24 [8410.838] [0.48934144]
25 [8452.958] [0.5043255]
26 [8550.2705] [0.84400225]
27 [8415.789] [0.7630218]
28 [8294.366] [0.46289375]
29 [8115.4404] [0.5257844]
30 [8192.649] [-0.05775431]
DescribeResult(nobs=720, minmax=(-1.9970141649246216, 1.9959267377853394), mean=0.05425538359235765, variance=1.3306053802727011, skewness=-0.04772044010514728, kurtosis=-1.1967525993277475)
DescribeResult(nobs=720, minmax=(8114.4697265625, 10694.1904296875), mean=9475.452014838325, variance=481639.30042221915, skewness=-0.5696400852649347, kurtosis=-0.9376779031601381)
----------------------------------------------
1 [10072.318] [0.06591741]
2 [9987.997] [0.8247376]
3 [9954.082] [0.19277962]
4 [9911.251] [0.9268631]
5 [9801.371] [-0.8361644]
6 [9223.716] [0.7269268]
7 [9470.321] [0.51818204]
8 [9684.034] [-0.23402302]
9 [9568.321] [0.7991492]
10 [9558.731] [-0.36507982]
11 [9347.832] [0.03536748]
12 [9037.746] [-0.9046029]
13 [8746.944] [-0.24571988]
14 [8638.389] [0.24514472]
15 [8733.588] [0.6653587]
16 [8890.314] [-0.26761925]
17 [8772.106] [-0.06248623]
18 [8598.3125] [0.04873736]
19 [8675.638] [-0.1179468]
20 [9758.473] [-0.6905212]
21 [9677.211] [-0.68449855]
22 [10587.63] [-0.95962685]
23 [10837.023] [0.17847283]
24 [10837.188] [0.42957523]
25 [10976.537] [0.43222478]
26 [10988.388] [0.711386]
27 [10615.435] [0.36158475]
28 [10759.563] [-0.9036921]
29 [10908.23] [-0.15997474]
30 [10857.842] [-0.37738386]
DescribeResult(nobs=720, minmax=(-1.998070240020752, 1.9842007160186768), mean=-0.015232660783739346, variance=1.3158780392837348, skewness=0.007485410358090414, kurtosis=-1.1686292766525526)
DescribeResult(nobs=720, minmax=(8563.1005859375, 11360.1064453125), mean=9802.701349555122, variance=627855.865421676, skewness=0.08435217640725709, kurtosis=-1.1731925441039002)
----------------------------------------------
1 [9763.699] [0.17293616]
2 [9737.148] [-0.45023105]
3 [9923.348] [0.7697054]
4 [9697.059] [-0.7960707]
5 [9719.978] [-0.4803513]
6 [9629.869] [-0.06658308]
7 [9650.095] [0.3502597]
8 [9639.262] [-0.99782157]
9 [9580.952] [0.96601015]
10 [9661.259] [-0.03350976]
11 [9605.52] [-0.36302665]
12 [9514.347] [0.6475992]
13 [9626.391] [0.90162265]
14 [9576.704] [0.45420957]
15 [9643.12] [-0.39158297]
16 [9628.354] [-0.36023092]
17 [9675.788] [-0.9795817]
18 [9556.592] [-0.16654983]
19 [9545.8] [0.39309025]
20 [9525.901] [0.20845594]
21 [9560.63] [-0.59501785]
22 [9464.0205] [0.07808628]
23 [9363.756] [0.46083328]
24 [9472.394] [-0.61127186]
25 [9682.124] [0.36824414]
26 [9603.719] [0.8602812]
27 [9651.992] [0.40114316]
28 [9616.542] [-0.4967891]
29 [9561.239] [0.95712596]
30 [9513.903] [-0.35829404]
DescribeResult(nobs=720, minmax=(-1.995643138885498, 1.9983783960342407), mean=0.04787296306830184, variance=1.4194779405812983, skewness=-0.039948247259055776, kurtosis=-1.2459192168880178)
DescribeResult(nobs=720, minmax=(9363.755859375, 10032.115234375), mean=9619.663781738282, variance=11748.036909052313, skewness=0.8067719499282374, kurtosis=1.98310676178858)
----------------------------------------------
1 [8889.752] [0.40610906]
2 [8885.505] [-0.29693532]
3 [8798.028] [0.3748316]
4 [8854.112] [0.02426104]
5 [8833.682] [-0.8425844]
6 [8743.489] [0.15637468]
7 [8623.736] [-0.05698181]
8 [8472.319] [0.16544384]
9 [8261.264] [-0.44906735]
10 [8051.526] [0.28834456]
11 [8321.008] [0.4162474]
12 [8452.872] [0.9812053]
13 [8452.959] [0.4190114]
14 [8782.855] [0.51183873]
15 [9448.461] [-0.78166515]
16 [9527.826] [-0.40026352]
17 [9425.492] [-0.7435895]
18 [9513.958] [-0.34801066]
19 [9546.878] [-0.504007]
20 [9498.214] [-0.80860364]
21 [9665.824] [0.8161088]
22 [9736.68] [-0.9385794]
23 [9634.872] [0.87455]
24 [9635.478] [-0.3987299]
25 [9385.601] [0.39882138]
26 [9431.08] [0.5789763]
27 [9484.571] [0.4641266]
28 [9431.759] [0.2363157]
29 [9397.868] [-0.09032879]
30 [9468.389] [0.7195131]
DescribeResult(nobs=720, minmax=(-1.9963027238845825, 1.9934303760528564), mean=0.013390540912304358, variance=1.2329715352791726, skewness=-0.04180830233671341, kurtosis=-1.0703185406848321)
DescribeResult(nobs=720, minmax=(8029.33056640625, 10023.1630859375), mean=9094.691093614367, variance=256284.1609856216, skewness=-0.3723560533203425, kurtosis=-1.1995969547058212)
----------------------------------------------
1 [10053.512] [0.21883705]
2 [10095.64] [0.05632369]
3 [10046.349] [0.98290026]
4 [10005.828] [0.06335759]
5 [9956.715] [-0.7043367]
6 [9882.568] [-0.7172375]
7 [9905.472] [0.7541125]
8 [9916.77] [0.6541187]
9 [9780.954] [0.11307876]
10 [9744.658] [0.9329635]
11 [9743.534] [-0.3857082]
12 [9706.07] [-0.4412009]
13 [9552.149] [0.91503066]
14 [9634.205] [-0.8172551]
15 [9809.582] [-0.8297351]
16 [9845.653] [0.82726336]
1 [11549.066] [-0.99979174]
2 [13045.494] [-0.9999621]
3 [13469.367] [-0.9996696]
4 [13704.804] [-0.99986356]
5 [13506.365] [-0.99707013]
6 [10925.203] [-0.97364247]
7 [10826.045] [-0.9857451]
8 [10556.294] [-0.9988866]
9 [9960.918] [-0.9977159]
10 [9343.288] [-0.9590845]
11 [9176.799] [-0.54229206]
12 [8879.468] [-0.9397418]
13 [9827.127] [-0.9934614]
14 [9570.894] [-0.9925042]
15 [8782.413] [-0.8146141]
16 [8109.005] [-0.77397656]
17 [7725.9688] [-0.8394304]
18 [8587.695] [-0.98122615]
19 [8943.0625] [-0.9967562]
20 [8782.845] [-0.9901187]
21 [9754.885] [-0.9900874]
22 [11260.196] [-0.9991253]
23 [10841.587] [-0.99762356]
24 [10266.039] [-0.9799705]
25 [9951.13] [-0.9855347]
26 [11640.384] [-0.99887025]
27 [11718.559] [-0.9999345]
28 [11230.075] [-0.99477655]
29 [11024.021] [-0.99439955]
30 [12040.556] [-0.99970776]
DescribeResult(nobs=720, minmax=(-1.9999889135360718, 0.9161093235015869), mean=-1.9190685381078059, variance=0.0883740720261255, skewness=6.284726645249233, kurtosis=45.52922665110205)
DescribeResult(nobs=720, minmax=(7626.0224609375, 13704.8037109375), mean=10492.393853081598, variance=2464393.0350861084, skewness=0.34895602910717793, kurtosis=-0.5776919810286407)
----------------------------------------------
1 [9830.995] [-0.9993079]
2 [9858.132] [-0.9994245]
3 [9599.174] [-0.99911594]
4 [9150.406] [-0.9971463]
5 [9153.368] [-0.99686575]
6 [9898.71] [-0.9997761]
7 [9794.075] [-0.99951005]
8 [7818.3174] [-0.9843883]
9 [7034.9736] [-0.9590224]
10 [7066.8643] [-0.97682124]
11 [7407.5566] [-0.9884656]
12 [7420.0405] [-0.9921399]
13 [7045.043] [-0.9794599]
14 [6929.2134] [-0.9665982]
15 [6712.3423] [-0.98595357]
16 [6479.0015] [-0.9624892]
17 [6410.869] [-0.91851634]
18 [6389.613] [-0.94183654]
19 [6073.9624] [-0.9653776]
20 [6296.0327] [-0.9764834]
21 [6577.8633] [-0.9770704]
22 [6408.477] [-0.9389871]
23 [6549.748] [-0.9336425]
24 [6496.8125] [-0.9569328]
25 [6444.45] [-0.939563]
26 [6397.9517] [-0.96311116]
27 [6549.7715] [-0.9752216]
28 [6451.818] [-0.96355766]
29 [6347.798] [-0.95372903]
30 [6648.3896] [-0.97394264]
DescribeResult(nobs=720, minmax=(-1.999825358390808, 0.11578436195850372), mean=-1.9461177824892932, variance=0.011475367137454303, skewness=12.000413096899795, kurtosis=202.83571335894382)
DescribeResult(nobs=720, minmax=(6043.18994140625, 9990.0517578125), mean=7431.413226996528, variance=1776032.8801762895, skewness=0.9343207953618223, kurtosis=-0.7912596583180553)
----------------------------------------------
1 [8894.533] [-0.99794114]
2 [8347.1045] [-0.99763244]
3 [8104.7515] [-0.9961971]
4 [8465.685] [-0.9987123]
5 [8276.732] [-0.9990291]
6 [8356.9375] [-0.9992728]
7 [8667.42] [-0.99971396]
8 [8704.302] [-0.9996014]
9 [9221.155] [-0.9998549]
10 [9456.742] [-0.9997176]
11 [9733.557] [-0.99994004]
12 [10057.959] [-0.9999544]
13 [10913.82] [-0.999991]
14 [10828.414] [-0.99998486]
15 [11060.102] [-0.99997383]
16 [11226.632] [-0.9999824]
17 [11029.271] [-0.99993306]
18 [10876.719] [-0.9999299]
19 [10793.725] [-0.99993867]
20 [10647.752] [-0.9999581]
21 [10737.67] [-0.99995875]
22 [10593.314] [-0.99989015]
23 [10594.003] [-0.99986756]
24 [10578.963] [-0.9999018]
25 [10681.324] [-0.99994725]
26 [10713.545] [-0.99996805]
27 [10605.595] [-0.99989253]
28 [10661.43] [-0.9998976]
29 [10976.8545] [-0.9999292]
30 [10868.594] [-0.9999507]
DescribeResult(nobs=720, minmax=(-1.9999947547912598, -1.972824215888977), mean=-1.999253355132209, variance=3.946804022425721e-06, skewness=6.359285275692144, kurtosis=57.99133857374049)
DescribeResult(nobs=720, minmax=(8075.92333984375, 11227.0654296875), mean=10009.18620944553, variance=1050415.085993387, skewness=-0.6703881946566941, kurtosis=-1.2155389494711528)
----------------------------------------------
1 [9089.534] [-0.9983888]
2 [9504.998] [-0.9973452]
3 [9436.013] [-0.9994716]
4 [9515.731] [-0.99926454]
5 [9801.781] [-0.99984103]
6 [10005.181] [-0.9999075]
7 [9223.143] [-0.9994092]
8 [9410.667] [-0.9994339]
9 [10039.662] [-0.9999033]
10 [10155.105] [-0.9998863]
11 [9908.867] [-0.9998393]
12 [10190.881] [-0.999876]
13 [11033.374] [-0.9999625]
14 [11179.697] [-0.99995804]
15 [11284.64] [-0.9999399]
16 [11523.269] [-0.9999716]
17 [11806.635] [-0.9999896]
18 [11184.428] [-0.9999144]
19 [12299.178] [-0.99998593]
20 [13610.546] [-0.99999964]
21 [14367.258] [-0.9999999]
22 [14215.491] [-0.99999934]
23 [13800.736] [-0.99999785]
24 [14383.025] [-0.9999995]
25 [14849.797] [-0.9999995]
26 [15638.7] [-0.9999999]
27 [16179.408] [-1.]
28 [17243.182] [-1.]
29 [18286.686] [-1.]
30 [19323.482] [-1.]
DescribeResult(nobs=720, minmax=(-2.0, -1.9878222942352295), mean=-1.9994472551676963, variance=2.1279727011614006e-06, skewness=4.757761933501128, kurtosis=25.93943184876778)
DescribeResult(nobs=720, minmax=(9032.3447265625, 19352.17578125), mean=12130.143699815539, variance=7455749.462293125, skewness=0.8542790517896725, kurtosis=-0.36725504737512793)
----------------------------------------------
1 [9281.461] [-0.9938195]
2 [9107.298] [-0.94359124]
3 [9286.294] [-0.99256516]
4 [11268.139] [-0.99986476]
5 [11287.763] [-0.9996617]
6 [9563.557] [-0.9825694]
7 [10324.271] [-0.99518955]
8 [10060.032] [-0.9960335]
9 [10315.116] [-0.9974973]
10 [11633.742] [-0.99959016]
11 [13141.427] [-0.999864]
12 [13736.389] [-0.9999543]
13 [14229.043] [-0.9999775]
14 [14121.105] [-0.99996924]
15 [13873.647] [-0.99991775]
16 [14022.017] [-0.99997514]
17 [14079.143] [-0.9999623]
18 [14740.538] [-0.9999702]
19 [15262.423] [-0.9999967]
20 [15775.656] [-0.99999875]
21 [15702.397] [-0.9999964]
22 [14434.8] [-0.99980134]
23 [15068.667] [-0.99994296]
24 [17211.227] [-0.9999998]
25 [17373.488] [-0.99999857]
26 [17489.723] [-0.9999972]
27 [17118.986] [-0.99999803]
28 [15549.609] [-0.99996954]
29 [12896.069] [-0.99806005]
30 [14272.378] [-0.9999357]
DescribeResult(nobs=720, minmax=(-2.0, -0.704174280166626), mean=-1.9919587471418911, variance=0.003967650088824572, skewness=15.954802269593886, kurtosis=285.3080542726878)
DescribeResult(nobs=720, minmax=(8596.8291015625, 17489.72265625), mean=13261.402029079862, variance=6649530.399979003, skewness=-0.1731909976930177, kurtosis=-1.1240291192315541)
----------------------------------------------
1 [10267.265] [-0.99953336]
2 [10585.113] [-0.99987173]
3 [10344.342] [-0.9998412]
4 [10355.066] [-0.99987453]
5 [10259.029] [-0.99982566]
6 [11104.375] [-0.9999185]
7 [11322.999] [-0.99987614]
8 [10723.903] [-0.99920994]
9 [10741.292] [-0.9998903]
10 [10370.648] [-0.99971265]
11 [11228.66] [-0.9997248]
12 [11468.612] [-0.9999596]
13 [12728.712] [-0.9999913]
14 [13536.812] [-0.99999714]
15 [14237.301] [-0.99999946]
16 [14489.597] [-0.9999997]
17 [14215.3125] [-0.9999988]
18 [14494.798] [-0.9999991]
19 [13660.793] [-0.9999968]
20 [14022.708] [-0.9999987]
21 [14485.801] [-0.9999996]
22 [15164.964] [-0.9999999]
23 [16181.375] [-0.99999994]
24 [15917.93] [-0.9999971]
25 [16022.646] [-0.99999374]
26 [16308.587] [-0.99999994]
27 [16959.283] [-0.99999994]
28 [16387.41] [-0.9999999]
29 [16089.978] [-0.9999998]
30 [15789.676] [-0.99999976]
DescribeResult(nobs=720, minmax=(-2.0, -1.9932031631469727), mean=-1.999798104001416, variance=3.4842272960971125e-07, skewness=6.062121134584657, kurtosis=46.52321695020287)
DescribeResult(nobs=720, minmax=(9983.6962890625, 17072.580078125), mean=13197.258243815104, variance=5449042.705456092, skewness=0.06002205937126237, kurtosis=-1.5134137335799382)
----------------------------------------------
1 [10357.153] [-0.9953537]
2 [10020.707] [-0.98595476]
3 [9955.794] [-0.98973703]
4 [11423.603] [-0.99927783]
5 [12692.466] [-0.99986136]
6 [13126.151] [-0.9998974]
7 [13543.397] [-0.99995387]
8 [14089.782] [-0.99999464]
9 [13837.823] [-0.99999416]
10 [14007.311] [-0.9999917]
11 [14672.243] [-0.9999955]
12 [14453.344] [-0.99999404]
13 [14777.053] [-0.99999535]
14 [15550.098] [-0.999999]
15 [15416.006] [-0.9999988]
16 [15704.337] [-0.9999997]
17 [15742.298] [-0.9999991]
18 [16206.65] [-0.9999999]
19 [15712.435] [-0.9999977]
20 [15664.556] [-0.99999547]
21 [15975.045] [-0.9999978]
22 [16129.395] [-0.9999994]
23 [16534.615] [-0.9999999]
24 [16783.492] [-0.9999998]
25 [17398.23] [-0.99999994]
26 [17728.238] [-0.9999999]
27 [19569.887] [-0.99999994]
28 [18874.686] [-0.99999964]
29 [18619.703] [-0.99999946]
30 [18412.338] [-1.]
DescribeResult(nobs=720, minmax=(-2.0, -1.9507482051849365), mean=-1.9988374791211552, variance=1.884488213942984e-05, skewness=5.614652368039648, kurtosis=39.22229880324143)
DescribeResult(nobs=720, minmax=(9920.6396484375, 19569.88671875), mean=14919.156731499566, variance=6381418.119958586, skewness=-0.37290100911238544, kurtosis=-0.42387572002300633)
----------------------------------------------
1 [10223.724] [-0.9998258]
2 [10506.691] [-0.99994177]
3 [10415.496] [-0.9999675]
4 [10239.122] [-0.9999449]
5 [10001.749] [-0.9999425]
6 [10207.127] [-0.9999528]
7 [10523.858] [-0.99996823]
8 [10402.855] [-0.9999455]
9 [10568.477] [-0.9999538]
10 [10848.386] [-0.9999829]
11 [11056.789] [-0.9999891]
12 [11155.447] [-0.99998796]
13 [11319.045] [-0.9999891]
14 [11398.464] [-0.9999893]
15 [11485.941] [-0.9999916]
16 [11699.497] [-0.9999919]
17 [11906.005] [-0.9999955]
18 [11770.82] [-0.99999475]
19 [11693.181] [-0.9999948]
20 [12128.484] [-0.9999969]
21 [12662.814] [-0.9999986]
22 [12667.722] [-0.9999974]
23 [12876.602] [-0.9999967]
24 [12823.203] [-0.9999973]
25 [12738.211] [-0.99999577]
26 [12880.973] [-0.9999977]
27 [12958.786] [-0.9999981]
28 [13130.014] [-0.99999875]
29 [13448.83] [-0.9999992]
30 [13551.705] [-0.9999996]
DescribeResult(nobs=720, minmax=(-1.9999995231628418, -1.998117208480835), mean=-1.9999595830837886, variance=1.5236453419295146e-08, skewness=9.826300209526055, kurtosis=116.73686736292292)
DescribeResult(nobs=720, minmax=(9942.21484375, 13609.8076171875), mean=11592.327327473959, variance=1191975.8266329993, skewness=0.18035431319617903, kurtosis=-1.3348802724388458)
----------------------------------------------
1 [10462.807] [-0.9998138]
2 [8989.701] [-0.9994871]
3 [8241.732] [-0.993893]
4 [7512.023] [-0.7776819]
5 [7434.093] [-0.99175394]
6 [7972.8203] [-0.99788725]
7 [8347.964] [-0.99917126]
8 [8528.973] [-0.99886024]
9 [7649.7114] [-0.99211884]
10 [7811.4326] [-0.99441767]
11 [8352.938] [-0.9988999]
12 [8781.33] [-0.9997016]
13 [9422.674] [-0.9998436]
14 [9534.225] [-0.9996566]
15 [9717.544] [-0.9993818]
16 [10418.393] [-0.9998628]
17 [11340.336] [-0.99996954]
18 [11171.793] [-0.99989915]
19 [10351.319] [-0.99943364]
20 [9867.938] [-0.9992283]
21 [10078.889] [-0.99970883]
22 [9455.127] [-0.9994948]
23 [7725.946] [-0.9882915]
24 [6938.3545] [-0.96753937]
25 [7063.3877] [-0.96961015]
26 [7004.5967] [-0.9950032]
27 [7514.142] [-0.99477357]
28 [7577.562] [-0.998124]
29 [8151.16] [-0.99953824]
30 [8675.194] [-0.999458]
DescribeResult(nobs=720, minmax=(-1.9999865293502808, 1.93022620677948), mean=-1.9246332640449206, variance=0.16857465967697832, skewness=7.062221962001493, kurtosis=53.02896106282406)
DescribeResult(nobs=720, minmax=(6682.248046875, 11441.5029296875), mean=8760.18496500651, variance=1585307.3448309435, skewness=0.34735222030570406, kurtosis=-1.0333887567110869)
----------------------------------------------
1 [11314.721] [-0.9999171]
2 [11559.785] [-0.99992275]
3 [11998.207] [-0.999913]
4 [12184.479] [-0.9999072]
5 [13171.39] [-0.99999607]
6 [13450.568] [-0.9999914]
7 [14071.314] [-0.99999917]
8 [14339.448] [-0.9999975]
9 [14660.195] [-0.99999726]
10 [15059.706] [-0.9999964]
11 [15974.478] [-0.9999993]
12 [16545.719] [-0.99999964]
13 [17495.363] [-0.9999999]
14 [18086.936] [-0.9999995]
15 [15717.807] [-0.9999838]
16 [15407.209] [-0.999961]
17 [15687.778] [-0.9999647]
18 [16354.085] [-0.9999993]
19 [17603.383] [-0.9999999]
20 [18225.559] [-1.]
21 [18955.818] [-1.]
22 [18482.2] [-0.99999994]
23 [16094.425] [-0.9999579]
24 [16326.453] [-0.9999511]
25 [17716.664] [-0.9999991]
26 [18055.074] [-0.99999946]
27 [15861.028] [-0.99987346]
28 [16665.258] [-0.98622787]
29 [17398.43] [-0.99996597]
30 [17996.033] [-0.99999994]
DescribeResult(nobs=720, minmax=(-2.0, 1.6247735023498535), mean=-1.982303291393651, variance=0.05244534943772051, skewness=14.419487656071729, kurtosis=212.41979863725498)
DescribeResult(nobs=720, minmax=(10025.5439453125, 19342.421875), mean=15658.816092936198, variance=5077861.880515823, skewness=-0.544957159694433, kurtosis=-0.7033428414950542)
----------------------------------------------
---------------------------------------
|             Epoch |               1 |
|      AverageEpRet |            -427 |
|          StdEpRet |             871 |
|          MaxEpRet |             862 |
|          MinEpRet |       -1.84e+03 |
|  AverageTestEpRet |        4.24e+03 |
|      StdTestEpRet |        4.08e+03 |
|      MaxTestEpRet |        9.92e+03 |
|      MinTestEpRet |        -2.9e+03 |
|             EpLen |             720 |
|         TestEpLen |             720 |
| TotalEnvInteracts |           4e+03 |
|     AverageQ1Vals |           -56.5 |
|         StdQ1Vals |            25.1 |
|         MaxQ1Vals |             239 |
|         MinQ1Vals |            -519 |
|     AverageQ2Vals |           -56.5 |
|         StdQ2Vals |              23 |
|         MaxQ2Vals |             167 |
|         MinQ2Vals |            -397 |
|      AverageLogPi |            10.2 |
|          StdLogPi |            12.9 |
|          MaxLogPi |             228 |
|          MinLogPi |           -7.39 |
|            LossPi |            62.2 |
|             LossQ |        4.45e+03 |
|              Time |             389 |
---------------------------------------
17 [9847.987] [-0.44009504]
18 [9841.259] [0.3947817]
19 [9809.175] [-0.9570965]
20 [9930.25] [0.05913279]
21 [9922.827] [0.6284533]
22 [9937.753] [-0.528303]
23 [9784.476] [-0.37945634]
24 [9843.469] [0.39859772]
25 [9886.747] [-0.7443595]
26 [10008.629] [-0.17809549]
27 [9964.256] [-0.1950009]
28 [9717.951] [0.06718875]
29 [9785.976] [-0.8614249]
30 [9769.748] [-0.9945979]
DescribeResult(nobs=720, minmax=(-1.9946072101593018, 1.9972378015518188), mean=-0.041978993134236794, variance=1.3238420584559043, skewness=0.012661870193579743, kurtosis=-1.17335109344962)
DescribeResult(nobs=720, minmax=(9550.9033203125, 10128.59765625), mean=9864.262612575954, variance=14540.86027537179, skewness=-0.08646933912692222, kurtosis=-0.20717146030765665)
----------------------------------------------
1 [10108.539] [0.7310034]
2 [10151.012] [-0.01874395]
3 [10240.546] [0.2149169]
4 [10263.018] [0.42453507]
5 [10308.545] [0.8690736]
6 [10273.613] [0.9826033]
7 [10307.22] [-0.08821753]
8 [10314.374] [-0.5589284]
9 [10268.109] [0.3095646]
10 [10361.408] [-0.5808983]
11 [10503.249] [0.73262894]
12 [10477.288] [0.25275344]
13 [10491.377] [-0.7776294]
14 [10579.994] [-0.4156925]
15 [10583.69] [0.87556833]
16 [10484.676] [0.88884157]
17 [10436.287] [-0.85535085]
18 [10358.132] [0.45370647]
19 [10338.224] [0.62526613]
20 [10351.062] [-0.00194115]
21 [10370.921] [-0.07108928]
22 [10405.799] [-0.94612586]
23 [10446.87] [-0.68860614]
24 [10468.896] [0.8723982]
25 [10411.051] [0.8597239]
26 [10426.966] [-0.46937555]
27 [10404.719] [0.20479359]
28 [10513.389] [0.42126602]
29 [10406.649] [-0.4408959]
30 [10400.0205] [0.87858766]
DescribeResult(nobs=720, minmax=(-1.9989566802978516, 1.9971693754196167), mean=0.057708771825612834, variance=1.3052573827244995, skewness=-0.03245864358044527, kurtosis=-1.1702941704338674)
DescribeResult(nobs=720, minmax=(9973.396484375, 10593.826171875), mean=10372.228327094184, variance=15990.887431735175, skewness=-0.7546681842734505, kurtosis=0.6963268179387714)
----------------------------------------------
1 [9942.114] [-0.99034554]
2 [9709.956] [0.3289789]
3 [9625.919] [-0.997035]
4 [9588.621] [-0.8060891]
5 [9533.166] [0.33800963]
6 [10395.8125] [-0.96063304]
7 [10971.493] [-0.459019]
8 [10865.632] [0.44591147]
9 [10876.359] [-0.29987866]
10 [10838.155] [-0.7635401]
11 [10842.619] [-0.43383735]
12 [10866.064] [0.46392682]
13 [11048.466] [-0.51748306]
14 [11124.8] [-0.7871073]
15 [11056.136] [0.99445873]
16 [11413.263] [0.72979933]
17 [11493.184] [0.5911581]
18 [11549.864] [0.14156835]
19 [11624.317] [-0.8642233]
20 [11700.399] [-0.9389599]
21 [11616.8] [-0.6230649]
22 [11610.471] [0.8665331]
23 [11569.649] [0.39808547]
24 [11610.877] [0.28254476]
25 [11678.112] [-0.34874526]
26 [11835.405] [0.1074171]
27 [10989.061] [-0.19391525]
28 [10602.657] [-0.48051468]
29 [10594.489] [-0.9847192]
30 [10550.038] [-0.3889763]
DescribeResult(nobs=720, minmax=(-1.998871088027954, 1.9889174699783325), mean=-0.0392518366751675, variance=1.3460896656810548, skewness=-0.0017919934290041132, kurtosis=-1.2084660551415791)
DescribeResult(nobs=720, minmax=(9391.0283203125, 12449.4228515625), mean=10915.688427734374, variance=498990.1410086134, skewness=-0.5469373036277003, kurtosis=-0.6720720751190843)
----------------------------------------------
1 [9914.886] [-0.0201762]
2 [9869.354] [0.48910657]
3 [9850.235] [-0.8169221]
4 [9885.393] [-0.21232468]
5 [9989.347] [-0.6687733]
6 [9685.354] [-0.2349217]
7 [9613.137] [-0.9332996]
8 [9528.637] [-0.11490295]
9 [9403.412] [0.7957427]
10 [9387.286] [-0.28694704]
11 [9393.567] [-0.86031115]
12 [9240.821] [-0.5100605]
13 [9129.117] [0.68938345]
14 [9080.702] [0.08042774]
15 [9006.147] [-0.35770768]
16 [9016.034] [-0.15838784]
17 [8957.1045] [-0.6888968]
18 [9027.427] [0.95081246]
19 [9112.911] [-0.95321274]
20 [8591.511] [0.21153887]
21 [8562.081] [-0.44105938]
22 [8450.74] [0.03015676]
23 [8456.531] [-0.36521426]
24 [8464.594] [-0.7940911]
25 [8473.02] [0.24102706]
26 [8523.369] [-0.7812089]
27 [8534.658] [-0.60529447]
28 [8487.961] [0.8607532]
29 [8280.12] [-0.04271654]
30 [8196.423] [0.6520594]
DescribeResult(nobs=720, minmax=(-1.9931946992874146, 1.9993579387664795), mean=0.019436596452982888, variance=1.2997438180998826, skewness=0.020650236316542666, kurtosis=-1.2340214324775025)
DescribeResult(nobs=720, minmax=(8172.46044921875, 9989.4814453125), mean=9099.837983534071, variance=297038.95893250813, skewness=0.10858901534911963, kurtosis=-1.2962415320231613)
----------------------------------------------
1 [10350.175] [0.11454869]
2 [10520.225] [-0.640374]
3 [10506.576] [-0.9550269]
4 [10531.521] [0.37822905]
5 [10280.758] [-0.31652227]
6 [10433.873] [0.8827012]
7 [10794.336] [0.8466527]
8 [10628.142] [-0.20648415]
9 [9768.535] [-0.24708477]
10 [9972.152] [-0.665876]
11 [10047.961] [0.4749722]
12 [10201.227] [-0.96138245]
13 [10012.96] [-0.98751295]
14 [9765.657] [0.2860623]
15 [9832.725] [0.53995305]
16 [9747.946] [0.8287612]
17 [9789.726] [-0.8946948]
18 [10529.739] [0.04487738]
19 [10603.104] [0.84477603]
20 [10744.803] [0.0272683]
21 [10886.218] [0.8152312]
22 [10812.999] [0.88218564]
23 [10800.801] [-0.9400258]
24 [10816.773] [0.31261057]
25 [10634.987] [-0.07481652]
26 [10740.993] [-0.7427813]
27 [10563.388] [-0.04969358]
28 [10554.589] [0.21646737]
29 [10920.783] [0.6998595]
30 [10804.891] [0.4848006]
DescribeResult(nobs=720, minmax=(-1.994297742843628, 1.9945741891860962), mean=-0.04459593314552169, variance=1.3278205214132766, skewness=-0.01683930410404965, kurtosis=-1.1967092010427416)
DescribeResult(nobs=720, minmax=(9646.326171875, 10980.84375), mean=10401.293745930989, variance=138102.56947016416, skewness=-0.45276385002145425, kurtosis=-1.0678543144682624)
----------------------------------------------
1 [10030.519] [-0.8269021]
2 [10062.795] [-0.6247418]
3 [10138.231] [-0.7957151]
4 [10141.583] [0.76087]
5 [10042.975] [0.5769115]
6 [10208.919] [-0.4223878]
7 [10150.772] [0.88361955]
8 [10052.109] [0.773131]
9 [9991.301] [0.56956726]
10 [9997.157] [-0.4233972]
11 [9986.785] [-0.31846282]
12 [9904.722] [-0.50812715]
13 [9995.153] [-0.4766221]
14 [10013.864] [-0.49436468]
15 [10196.095] [0.7494187]
16 [10268.089] [-0.17013688]
17 [10225.653] [-0.51215017]
18 [10227.743] [0.0056733]
19 [10201.86] [0.57098716]
20 [10246.469] [-0.90005285]
21 [10346.707] [0.8942323]
